<?xml version="1.0" encoding="UTF-8"?>
<!-- Generated by org.testng.reporters.JUnitXMLReporter -->
<testsuite ignored="0" hostname="DESKTOP-KIOI9EU" failures="0" tests="3" name="Sanity Functional Test" time="24.534" errors="0" timestamp="13 Apr 2020 22:14:59 GMT">
  <testcase classname="com.qa.hubspot.test.LoginPageTest" name="verifySgnuolinkTest" time="5.726"/>
  <testcase classname="com.qa.hubspot.test.LoginPageTest" name="verifyPageTitleTest" time="0.074"/>
  <testcase classname="com.qa.hubspot.test.LoginPageTest" name="verifyLoginTest" time="4.972"/>
</testsuite> <!-- Sanity Functional Test -->
